\BOOKMARK [0][-]{chapter.1}{Introduction}{}% 1
\BOOKMARK [0][-]{chapter.2}{Static analysis for cybersecurity}{}% 2
\BOOKMARK [1][-]{section.2.1}{Theoretical foundations}{chapter.2}% 3
\BOOKMARK [1][-]{section.2.2}{Practical approaches and related challenges}{chapter.2}% 4
\BOOKMARK [2][-]{subsection.2.2.1}{Taint analysis}{section.2.2}% 5
\BOOKMARK [2][-]{subsection.2.2.2}{Symbolic execution}{section.2.2}% 6
\BOOKMARK [0][-]{chapter.3}{Spectre}{}% 7
\BOOKMARK [1][-]{section.3.1}{Background}{chapter.3}% 8
\BOOKMARK [2][-]{subsection.3.1.1}{Out-of-Order execution and micro-operations}{section.3.1}% 9
\BOOKMARK [2][-]{subsection.3.1.2}{Speculative execution}{section.3.1}% 10
\BOOKMARK [2][-]{subsection.3.1.3}{Cache side channels}{section.3.1}% 11
\BOOKMARK [1][-]{section.3.2}{Spectre variants}{chapter.3}% 12
\BOOKMARK [2][-]{subsection.3.2.1}{Spectre-PHT \(Pattern History Table\)}{section.3.2}% 13
\BOOKMARK [2][-]{subsection.3.2.2}{Spectre-BTB \(Branch Target Buffer\)}{section.3.2}% 14
\BOOKMARK [2][-]{subsection.3.2.3}{Spectre-RSB \(Return Stack Buffer\)}{section.3.2}% 15
\BOOKMARK [2][-]{subsection.3.2.4}{Spectre-STL \(Store To Load\)}{section.3.2}% 16
\BOOKMARK [0][-]{chapter.4}{Verification tools to detect Spectre}{}% 17
\BOOKMARK [1][-]{section.4.1}{Alternative strategies to detect microarchitectural attacks}{chapter.4}% 18
\BOOKMARK [1][-]{section.4.2}{FastSpec}{chapter.4}% 19
\BOOKMARK [1][-]{section.4.3}{KLEESpectre}{chapter.4}% 20
\BOOKMARK [1][-]{section.4.4}{Testing AES modes of operation}{chapter.4}% 21
\BOOKMARK [2][-]{subsection.4.4.1}{Testing with KLEESpectre}{section.4.4}% 22
\BOOKMARK [2][-]{subsection.4.4.2}{Testing with FastSpec}{section.4.4}% 23
\BOOKMARK [2][-]{subsection.4.4.3}{Considerations about the results}{section.4.4}% 24
\BOOKMARK [0][-]{chapter.5}{Conclusions}{}% 25
\BOOKMARK [1][-]{section.5.1}{Possible improvements}{chapter.5}% 26
\BOOKMARK [0][-]{appendix.A}{Mathematical notions}{}% 27
\BOOKMARK [1][-]{section.A.1}{Pearson's coefficient}{appendix.A}% 28
\BOOKMARK [0][-]{appendix.B}{Deep Learning}{}% 29
\BOOKMARK [1][-]{section.B.1}{Generative Adversarial Networks \(GANs\)}{appendix.B}% 30
\BOOKMARK [1][-]{section.B.2}{Bidirectional Encoder Representations from Transformers \(BERT\)}{appendix.B}% 31
\BOOKMARK [2][-]{subsection.B.2.1}{Transformers}{section.B.2}% 32
\BOOKMARK [2][-]{subsection.B.2.2}{Architecture}{section.B.2}% 33
\BOOKMARK [2][-]{subsection.B.2.3}{Training}{section.B.2}% 34
\BOOKMARK [0][-]{appendix.C}{Block ciphers and AES}{}% 35
\BOOKMARK [1][-]{section.C.1}{Block ciphers}{appendix.C}% 36
\BOOKMARK [1][-]{section.C.2}{Modes of operation}{appendix.C}% 37
\BOOKMARK [2][-]{subsection.C.2.1}{Cipher Block Chaining \(CBC\) mode}{section.C.2}% 38
\BOOKMARK [2][-]{subsection.C.2.2}{Output Feedback \(OFB\) mode}{section.C.2}% 39
\BOOKMARK [2][-]{subsection.C.2.3}{Counter \(CTR\) mode}{section.C.2}% 40
\BOOKMARK [1][-]{section.C.3}{AES: Advanced Encryption Standard}{appendix.C}% 41
